<?xml version="1.0" encoding="UTF-8"?>
<!-- Generated by org.testng.reporters.JUnitReportReporter -->
<testsuite skipped="0" hostname="naniramya" name="com.naukri.scripts.Naukri_ExpPage_Script_001" tests="4" failures="0" timestamp="2020-08-27T00:10:08 IST" time="19.533" errors="0">
  <testcase name="openBrowser" time="15.349" classname="com.naukri.scripts.Naukri_ExpPage_Script_001"/>
  <system-out/>
  <testcase name="verifyPage" time="3.349" classname="com.naukri.scripts.Naukri_ExpPage_Script_001"/>
  <system-out/>
  <testcase name="enterName" time="0.465" classname="com.naukri.scripts.Naukri_ExpPage_Script_001"/>
  <system-out/>
  <testcase name="enterEmailId" time="0.370" classname="com.naukri.scripts.Naukri_ExpPage_Script_001"/>
  <system-out/>
</testsuite> <!-- com.naukri.scripts.Naukri_ExpPage_Script_001 -->
